<?xml version="1.0" encoding="UTF-8"?>
<!-- Generated by org.testng.reporters.JUnitXMLReporter -->
<testsuite hostname="PIN-PG00W9SM" ignored="9" name="Default test" tests="4" failures="0" timestamp="2021-07-19T17:17:50 IST" time="63.712" errors="0">
  <testcase name="@BeforeTest Browser_Init" time="63.519" classname="BaseClass_PKG.Base_methods">
    <failure type="org.openqa.selenium.TimeoutException" message="No connection could be made because the target machine actively refused it. (os error 10061)
Build info: version: &amp;apos;3.141.59&amp;apos;, revision: &amp;apos;e82be7d358&amp;apos;, time: &amp;apos;2018-11-14T08:17:03&amp;apos;
System info: host: &amp;apos;PIN-PG00W9SM&amp;apos;, ip: &amp;apos;192.168.0.108&amp;apos;, os.name: &amp;apos;Windows 10&amp;apos;, os.arch: &amp;apos;amd64&amp;apos;, os.version: &amp;apos;10.0&amp;apos;, java.version: &amp;apos;1.8.0_222&amp;apos;
Driver info: driver.version: FirefoxDriver
remote stacktrace: ">
      <![CDATA[org.openqa.selenium.TimeoutException: No connection could be made because the target machine actively refused it. (os error 10061)
Build info: version: '3.141.59', revision: 'e82be7d358', time: '2018-11-14T08:17:03'
System info: host: 'PIN-PG00W9SM', ip: '192.168.0.108', os.name: 'Windows 10', os.arch: 'amd64', os.version: '10.0', java.version: '1.8.0_222'
Driver info: driver.version: FirefoxDriver
remote stacktrace: 
at sun.reflect.NativeConstructorAccessorImpl.newInstance0(Native Method)
at sun.reflect.NativeConstructorAccessorImpl.newInstance(NativeConstructorAccessorImpl.java:62)
at sun.reflect.DelegatingConstructorAccessorImpl.newInstance(DelegatingConstructorAccessorImpl.java:45)
at java.lang.reflect.Constructor.newInstance(Constructor.java:423)
at org.openqa.selenium.remote.W3CHandshakeResponse.lambda$errorHandler$0(W3CHandshakeResponse.java:62)
at org.openqa.selenium.remote.HandshakeResponse.lambda$getResponseFunction$0(HandshakeResponse.java:30)
at org.openqa.selenium.remote.ProtocolHandshake.lambda$createSession$0(ProtocolHandshake.java:126)
at java.util.stream.ReferencePipeline$3$1.accept(ReferencePipeline.java:193)
at java.util.Spliterators$ArraySpliterator.tryAdvance(Spliterators.java:958)
at java.util.stream.ReferencePipeline.forEachWithCancel(ReferencePipeline.java:126)
at java.util.stream.AbstractPipeline.copyIntoWithCancel(AbstractPipeline.java:499)
at java.util.stream.AbstractPipeline.copyInto(AbstractPipeline.java:486)
at java.util.stream.AbstractPipeline.wrapAndCopyInto(AbstractPipeline.java:472)
at java.util.stream.FindOps$FindOp.evaluateSequential(FindOps.java:152)
at java.util.stream.AbstractPipeline.evaluate(AbstractPipeline.java:234)
at java.util.stream.ReferencePipeline.findFirst(ReferencePipeline.java:531)
at org.openqa.selenium.remote.ProtocolHandshake.createSession(ProtocolHandshake.java:128)
at org.openqa.selenium.remote.ProtocolHandshake.createSession(ProtocolHandshake.java:74)
at org.openqa.selenium.remote.HttpCommandExecutor.execute(HttpCommandExecutor.java:136)
at org.openqa.selenium.remote.service.DriverCommandExecutor.execute(DriverCommandExecutor.java:83)
at org.openqa.selenium.remote.RemoteWebDriver.execute(RemoteWebDriver.java:552)
at org.openqa.selenium.remote.RemoteWebDriver.startSession(RemoteWebDriver.java:213)
at org.openqa.selenium.remote.RemoteWebDriver.<init>(RemoteWebDriver.java:131)
at org.openqa.selenium.firefox.FirefoxDriver.<init>(FirefoxDriver.java:147)
at org.openqa.selenium.firefox.FirefoxDriver.<init>(FirefoxDriver.java:125)
at BaseClass_PKG.Base_methods.Browser_Init(Base_methods.java:67)
at sun.reflect.NativeMethodAccessorImpl.invoke0(Native Method)
at sun.reflect.NativeMethodAccessorImpl.invoke(NativeMethodAccessorImpl.java:62)
at sun.reflect.DelegatingMethodAccessorImpl.invoke(DelegatingMethodAccessorImpl.java:43)
at java.lang.reflect.Method.invoke(Method.java:498)
at org.testng.internal.MethodInvocationHelper.invokeMethod(MethodInvocationHelper.java:133)
at org.testng.internal.MethodInvocationHelper.invokeMethodConsideringTimeout(MethodInvocationHelper.java:62)
at org.testng.internal.ConfigInvoker.invokeConfigurationMethod(ConfigInvoker.java:385)
at org.testng.internal.ConfigInvoker.invokeConfigurations(ConfigInvoker.java:321)
at org.testng.TestRunner.invokeTestConfigurations(TestRunner.java:637)
at org.testng.TestRunner.beforeRun(TestRunner.java:627)
at org.testng.TestRunner.run(TestRunner.java:589)
at org.testng.SuiteRunner.runTest(SuiteRunner.java:377)
at org.testng.SuiteRunner.runSequentially(SuiteRunner.java:371)
at org.testng.SuiteRunner.privateRun(SuiteRunner.java:332)
at org.testng.SuiteRunner.run(SuiteRunner.java:276)
at org.testng.SuiteRunnerWorker.runSuite(SuiteRunnerWorker.java:53)
at org.testng.SuiteRunnerWorker.run(SuiteRunnerWorker.java:96)
at org.testng.TestNG.runSuitesSequentially(TestNG.java:1212)
at org.testng.TestNG.runSuitesLocally(TestNG.java:1134)
at org.testng.TestNG.runSuites(TestNG.java:1063)
at org.testng.TestNG.run(TestNG.java:1031)
at org.testng.remote.AbstractRemoteTestNG.run(AbstractRemoteTestNG.java:115)
at org.testng.remote.RemoteTestNG.initAndRun(RemoteTestNG.java:251)
at org.testng.remote.RemoteTestNG.main(RemoteTestNG.java:77)
]]>
    </failure>
  </testcase> <!-- @BeforeTest Browser_Init -->
  <testcase name="@BeforeClass TestLogin" time="-1.626695270409E9" classname="BaseClass_PKG.Base_methods">
    <skipped/>
  </testcase> <!-- @BeforeClass TestLogin -->
  <testcase name="TestScript_01" time="0.0" classname="TestCases_PKG.TestCases">
    <skipped/>
  </testcase> <!-- TestScript_01 -->
  <testcase name="TestScript_02" time="0.0" classname="TestCases_PKG.TestCases">
    <skipped/>
  </testcase> <!-- TestScript_02 -->
  <testcase name="TestScript_03" time="0.0" classname="TestCases_PKG.TestCases">
    <skipped/>
  </testcase> <!-- TestScript_03 -->
  <testcase name="TestScript_04" time="0.0" classname="TestCases_PKG.TestCases">
    <skipped/>
  </testcase> <!-- TestScript_04 -->
  <testcase name="@BeforeTest Browser_Init" time="0.0" classname="BaseClass_PKG.Base_methods">
    <ignored/>
  </testcase> <!-- @BeforeTest Browser_Init -->
  <testcase name="@BeforeTest Browser_Init" time="0.0" classname="BaseClass_PKG.Base_methods">
    <ignored/>
  </testcase> <!-- @BeforeTest Browser_Init -->
  <testcase name="@BeforeTest Browser_Init" time="0.0" classname="BaseClass_PKG.Base_methods">
    <ignored/>
  </testcase> <!-- @BeforeTest Browser_Init -->
  <testcase name="@AfterSuite Extent_rlease" time="0.0" classname="BaseClass_PKG.Base_methods">
    <ignored/>
  </testcase> <!-- @AfterSuite Extent_rlease -->
  <testcase name="@AfterSuite Extent_rlease" time="0.0" classname="BaseClass_PKG.Base_methods">
    <ignored/>
  </testcase> <!-- @AfterSuite Extent_rlease -->
  <testcase name="@AfterSuite Extent_rlease" time="0.0" classname="BaseClass_PKG.Base_methods">
    <ignored/>
  </testcase> <!-- @AfterSuite Extent_rlease -->
  <testcase name="@BeforeSuite ExtentReport_Demo" time="0.0" classname="BaseClass_PKG.Base_methods">
    <ignored/>
  </testcase> <!-- @BeforeSuite ExtentReport_Demo -->
  <testcase name="@BeforeSuite ExtentReport_Demo" time="0.0" classname="BaseClass_PKG.Base_methods">
    <ignored/>
  </testcase> <!-- @BeforeSuite ExtentReport_Demo -->
  <testcase name="@BeforeSuite ExtentReport_Demo" time="0.0" classname="BaseClass_PKG.Base_methods">
    <ignored/>
  </testcase> <!-- @BeforeSuite ExtentReport_Demo -->
</testsuite> <!-- Default test -->
